<?xml version="1.0" encoding="UTF-8"?>
<!-- Generated by org.testng.reporters.JUnitReportReporter -->
<testsuite hostname="Manishs-MacBook-Pro.local" failures="0" tests="1" name="com.selenium.E2EProjrct.LaunchChromeTest" time="15.351" errors="0" timestamp="2021-12-20T10:17:06 IST" skipped="0">
  <testcase classname="com.selenium.E2EProjrct.LaunchChromeTest" name="launchChrome" time="15.351"/>
  <system-out/>
</testsuite> <!-- com.selenium.E2EProjrct.LaunchChromeTest -->
