<?xml version="1.0" encoding="UTF-8"?>
<!-- Generated by org.testng.reporters.JUnitReportReporter -->
<testsuite skipped="0" hostname="DESKTOP-JRH31QL" name="com.crm.qa.testcases.HomePageTest" tests="3" failures="0" timestamp="23 Jun 2020 07:01:20 GMT" time="67.711" errors="0">
  <testcase name="verifyHomePageTitleTest" time="20.284" classname="com.crm.qa.testcases.HomePageTest"/>
  <testcase name="verifyUserNameTest" time="22.120" classname="com.crm.qa.testcases.HomePageTest"/>
  <testcase name="verifyContactcLinkTest" time="25.307" classname="com.crm.qa.testcases.HomePageTest"/>
</testsuite> <!-- com.crm.qa.testcases.HomePageTest -->
