<?xml version="1.0" encoding="UTF-8"?>
<!-- Generated by org.testng.reporters.JUnitReportReporter -->
<testsuite hostname="Manishs-MacBook-Pro.local" failures="0" tests="2" name="spack.test.Login" time="21.047" errors="0" timestamp="2022-09-25T19:31:14 IST" skipped="0">
  <testcase classname="spack.test.Login" name="verifyLoginWithInvalidCred" time="10.661"/>
  <system-out/>
  <testcase classname="spack.test.Login" name="verifyLoginWithValidCred" time="10.386"/>
  <system-out/>
</testsuite> <!-- spack.test.Login -->
