<?xml version="1.0" encoding="UTF-8"?>
<!-- Generated by org.testng.reporters.JUnitReportReporter -->
<testsuite hostname="Manishs-MacBook-Pro.local" failures="0" tests="1" name="ImpJavaProgram.ImpJavaProgram.selenium.WebDriverManager" time="58.424" errors="0" timestamp="2022-09-11T12:25:03 IST" skipped="0">
  <testcase classname="ImpJavaProgram.ImpJavaProgram.selenium.WebDriverManager" name="amazonTest" time="58.424"/>
  <system-out/>
</testsuite> <!-- ImpJavaProgram.ImpJavaProgram.selenium.WebDriverManager -->
