<?xml version="1.0" encoding="UTF-8"?>
<!-- Generated by org.testng.reporters.JUnitReportReporter -->
<testsuite hostname="DESKTOP-JRH31QL" name="com.crm.qa.testcases.NewContactPageTest" tests="2" failures="0" timestamp="22 Jul 2019 04:30:50 GMT" time="40.712" errors="0">
  <testcase name="newContactsCreateTest" time="18.583" classname="com.crm.qa.testcases.NewContactPageTest"/>
  <testcase name="newContactsCreateTest" time="22.129" classname="com.crm.qa.testcases.NewContactPageTest"/>
</testsuite> <!-- com.crm.qa.testcases.NewContactPageTest -->
