<?xml version="1.0" encoding="UTF-8"?>
<!-- Generated by org.testng.reporters.JUnitReportReporter -->
<testsuite hostname="DESKTOP-JRH31QL" name="com.crm.qa.testcases.NewDealPageTest" tests="3" failures="0" timestamp="22 Jul 2019 04:30:50 GMT" time="62.033" errors="0">
  <testcase name="newDealCreateTest" time="22.483" classname="com.crm.qa.testcases.NewDealPageTest"/>
  <testcase name="newDealCreateTest" time="20.851" classname="com.crm.qa.testcases.NewDealPageTest"/>
  <testcase name="newDealCreateTest" time="18.699" classname="com.crm.qa.testcases.NewDealPageTest"/>
</testsuite> <!-- com.crm.qa.testcases.NewDealPageTest -->
