<?xml version="1.0" encoding="UTF-8"?>
<!-- Generated by org.testng.reporters.JUnitReportReporter -->
<testsuite skipped="1" hostname="DESKTOP-JRH31QL" name="com.crm.qa.testcases.Home2PageTest" tests="2" failures="0" timestamp="14 Jul 2019 14:58:33 GMT" time="17.515" errors="0">
  <testcase name="validateNewContactClickTest" time="17.515" classname="com.crm.qa.testcases.Home2PageTest"/>
  <testcase name="validateContactClickTest" classname="com.crm.qa.testcases.Home2PageTest">
    <skipped/>
  </testcase> <!-- validateContactClickTest -->
</testsuite> <!-- com.crm.qa.testcases.Home2PageTest -->
