<?xml version="1.0" encoding="UTF-8"?>
<!-- Generated by org.testng.reporters.JUnitReportReporter -->
<testsuite hostname="DESKTOP-JRH31QL" name="com.crm.qa.testcases.InitialHomePageTest" tests="3" failures="0" timestamp="22 Jul 2019 04:30:50 GMT" time="47.769" errors="0">
  <testcase name="verifyUserNameTest" time="17.535" classname="com.crm.qa.testcases.InitialHomePageTest"/>
  <testcase name="verifyClickContactTest" time="15.604" classname="com.crm.qa.testcases.InitialHomePageTest"/>
  <testcase name="verifyHomePageTitleTest" time="14.630" classname="com.crm.qa.testcases.InitialHomePageTest"/>
</testsuite> <!-- com.crm.qa.testcases.InitialHomePageTest -->
