<?xml version="1.0" encoding="UTF-8"?>
<!-- Generated by org.testng.reporters.JUnitReportReporter -->
<testsuite hostname="DESKTOP-JRH31QL" name="com.crm.qa.testcases.HomePageTest" tests="2" failures="0" timestamp="22 Jul 2019 04:30:50 GMT" time="30.898" errors="0">
  <testcase name="validateNewContactClickTest" time="15.367" classname="com.crm.qa.testcases.HomePageTest"/>
  <testcase name="validateContactClickTest" time="15.531" classname="com.crm.qa.testcases.HomePageTest"/>
</testsuite> <!-- com.crm.qa.testcases.HomePageTest -->
