<?xml version="1.0" encoding="UTF-8"?>
<!-- Generated by org.testng.reporters.JUnitReportReporter -->
<testsuite skipped="0" hostname="DESKTOP-JRH31QL" name="com.crm.qa.util.Helper" tests="1" failures="0" timestamp="14 Jul 2019 13:52:57 GMT" time="0.727" errors="0">
  <testcase name="excelHelper" time="0.727" classname="com.crm.qa.util.Helper"/>
</testsuite> <!-- com.crm.qa.util.Helper -->
